Line 18: Class WelchButton.lvButtons_H of control cmdAdd was not a loaded control class.
Line 134: Class WelchButton.lvButtons_H of control cmdEdit was not a loaded control class.
Line 160: Class WelchButton.lvButtons_H of control cmdDelete was not a loaded control class.
Line 186: Class WelchButton.lvButtons_H of control cmdSearch was not a loaded control class.
Line 212: Class WelchButton.lvButtons_H of control cmdRefresh was not a loaded control class.
Line 24: The property name _ExtentX in cmdAdd is invalid.
Line 25: The property name _ExtentY in cmdAdd is invalid.
Line 26: The property name Caption in cmdAdd is invalid.
Line 27: The property name CapAlign in cmdAdd is invalid.
Line 28: The property name BackStyle in cmdAdd is invalid.
Line 38: The property name cGradient in cmdAdd is invalid.
Line 39: The property name Mode in cmdAdd is invalid.
Line 40: The property name Value in cmdAdd is invalid.
Line 41: The property name Image in cmdAdd is invalid.
Line 42: The property name cBack in cmdAdd is invalid.
Line 140: The property name _ExtentX in cmdEdit is invalid.
Line 141: The property name _ExtentY in cmdEdit is invalid.
Line 142: The property name Caption in cmdEdit is invalid.
Line 143: The property name CapAlign in cmdEdit is invalid.
Line 144: The property name BackStyle in cmdEdit is invalid.
Line 154: The property name cGradient in cmdEdit is invalid.
Line 155: The property name Mode in cmdEdit is invalid.
Line 156: The property name Value in cmdEdit is invalid.
Line 157: The property name Image in cmdEdit is invalid.
Line 158: The property name cBack in cmdEdit is invalid.
Line 166: The property name _ExtentX in cmdDelete is invalid.
Line 167: The property name _ExtentY in cmdDelete is invalid.
Line 168: The property name Caption in cmdDelete is invalid.
Line 169: The property name CapAlign in cmdDelete is invalid.
Line 170: The property name BackStyle in cmdDelete is invalid.
Line 180: The property name cGradient in cmdDelete is invalid.
Line 181: The property name Mode in cmdDelete is invalid.
Line 182: The property name Value in cmdDelete is invalid.
Line 183: The property name Image in cmdDelete is invalid.
Line 184: The property name cBack in cmdDelete is invalid.
Line 192: The property name _ExtentX in cmdSearch is invalid.
Line 193: The property name _ExtentY in cmdSearch is invalid.
Line 194: The property name Caption in cmdSearch is invalid.
Line 195: The property name CapAlign in cmdSearch is invalid.
Line 196: The property name BackStyle in cmdSearch is invalid.
Line 206: The property name cGradient in cmdSearch is invalid.
Line 207: The property name Mode in cmdSearch is invalid.
Line 208: The property name Value in cmdSearch is invalid.
Line 209: The property name Image in cmdSearch is invalid.
Line 210: The property name cBack in cmdSearch is invalid.
Line 218: The property name _ExtentX in cmdRefresh is invalid.
Line 219: The property name _ExtentY in cmdRefresh is invalid.
Line 220: The property name Caption in cmdRefresh is invalid.
Line 221: The property name CapAlign in cmdRefresh is invalid.
Line 222: The property name BackStyle in cmdRefresh is invalid.
Line 232: The property name cGradient in cmdRefresh is invalid.
Line 233: The property name Mode in cmdRefresh is invalid.
Line 234: The property name Value in cmdRefresh is invalid.
Line 235: The property name Image in cmdRefresh is invalid.
Line 236: The property name cBack in cmdRefresh is invalid.
