Line 25: Class WelchButton.lvButtons_H of control cmdAdd was not a loaded control class.
Line 26: The property name Default in cmdAdd is invalid.
Line 32: The property name _ExtentX in cmdAdd is invalid.
Line 33: The property name _ExtentY in cmdAdd is invalid.
Line 34: The property name Caption in cmdAdd is invalid.
Line 35: The property name CapAlign in cmdAdd is invalid.
Line 36: The property name BackStyle in cmdAdd is invalid.
Line 46: The property name cGradient in cmdAdd is invalid.
Line 47: The property name Mode in cmdAdd is invalid.
Line 48: The property name Value in cmdAdd is invalid.
Line 49: The property name cBack in cmdAdd is invalid.
Line 26: The property name Default in cmdAdd is invalid.
Line 32: The property name _ExtentX in cmdAdd is invalid.
Line 33: The property name _ExtentY in cmdAdd is invalid.
Line 34: The property name Caption in cmdAdd is invalid.
Line 35: The property name CapAlign in cmdAdd is invalid.
Line 36: The property name BackStyle in cmdAdd is invalid.
Line 46: The property name cGradient in cmdAdd is invalid.
Line 47: The property name Mode in cmdAdd is invalid.
Line 48: The property name Value in cmdAdd is invalid.
Line 49: The property name cBack in cmdAdd is invalid.
