Line 40: Class WelchButton.lvButtons_H of control cmdSearch was not a loaded control class.
Line 41: The property name Default in cmdSearch is invalid.
Line 47: The property name _ExtentX in cmdSearch is invalid.
Line 48: The property name _ExtentY in cmdSearch is invalid.
Line 49: The property name Caption in cmdSearch is invalid.
Line 50: The property name CapAlign in cmdSearch is invalid.
Line 51: The property name BackStyle in cmdSearch is invalid.
Line 61: The property name cGradient in cmdSearch is invalid.
Line 62: The property name Mode in cmdSearch is invalid.
Line 63: The property name Value in cmdSearch is invalid.
Line 64: The property name cBack in cmdSearch is invalid.
Line 41: The property name Default in cmdSearch is invalid.
Line 47: The property name _ExtentX in cmdSearch is invalid.
Line 48: The property name _ExtentY in cmdSearch is invalid.
Line 49: The property name Caption in cmdSearch is invalid.
Line 50: The property name CapAlign in cmdSearch is invalid.
Line 51: The property name BackStyle in cmdSearch is invalid.
Line 61: The property name cGradient in cmdSearch is invalid.
Line 62: The property name Mode in cmdSearch is invalid.
Line 63: The property name Value in cmdSearch is invalid.
Line 64: The property name cBack in cmdSearch is invalid.
